<testsuites id="" name="" tests="30" failures="0" skipped="0" errors="0" time="87.57785000000001">
<testsuite name="auth\login.spec.ts" timestamp="2025-12-20T15:32:28.715Z" hostname="chromium" tests="5" failures="0" skipped="0" time="4.793" errors="0">
<testcase name="Login Page › should display login form" classname="auth\login.spec.ts" time="0.535">
</testcase>
<testcase name="Login Page › should navigate to register page when clicking sign up link" classname="auth\login.spec.ts" time="0.469">
</testcase>
<testcase name="Login Page › should show error for invalid credentials" classname="auth\login.spec.ts" time="0.869">
</testcase>
<testcase name="Login Page › should successfully login with valid credentials" classname="auth\login.spec.ts" time="1.455">
</testcase>
<testcase name="Login Page › should successfully login as operator" classname="auth\login.spec.ts" time="1.465">
</testcase>
</testsuite>
<testsuite name="auth\register.spec.ts" timestamp="2025-12-20T15:32:28.715Z" hostname="chromium" tests="7" failures="0" skipped="0" time="6.44" errors="0">
<testcase name="Register Page › should display registration form" classname="auth\register.spec.ts" time="0.458">
</testcase>
<testcase name="Register Page › should navigate to login page when clicking sign in link" classname="auth\register.spec.ts" time="0.471">
</testcase>
<testcase name="Register Page › should show password requirements hint" classname="auth\register.spec.ts" time="0.439">
</testcase>
<testcase name="Register Page › should successfully register with valid data" classname="auth\register.spec.ts" time="1.358">
</testcase>
<testcase name="Register Page › should successfully register as operator" classname="auth\register.spec.ts" time="1.367">
</testcase>
<testcase name="Register Page › should show error when email already exists" classname="auth\register.spec.ts" time="0.951">
</testcase>
<testcase name="Register Page › should register with Spanish base language" classname="auth\register.spec.ts" time="1.396">
</testcase>
</testsuite>
<testsuite name="navigation\header.spec.ts" timestamp="2025-12-20T15:32:28.715Z" hostname="chromium" tests="5" failures="0" skipped="0" time="5.905" errors="0">
<testcase name="Header Navigation › should display user email in header after login" classname="navigation\header.spec.ts" time="1.442">
</testcase>
<testcase name="Header Navigation › should show learner navigation links for learner" classname="navigation\header.spec.ts" time="1.471">
</testcase>
<testcase name="Header Navigation › should show operator navigation links for operator" classname="navigation\header.spec.ts" time="0.929">
</testcase>
<testcase name="Header Navigation › should logout and redirect to login page" classname="navigation\header.spec.ts" time="1.113">
</testcase>
<testcase name="Header Navigation › should show user role in dropdown menu" classname="navigation\header.spec.ts" time="0.95">
</testcase>
</testsuite>
<testsuite name="navigation\protected-routes.spec.ts" timestamp="2025-12-20T15:32:28.715Z" hostname="chromium" tests="4" failures="0" skipped="0" time="11.907" errors="0">
<testcase name="Protected Routes › should redirect to login when accessing protected route without auth" classname="navigation\protected-routes.spec.ts" time="0.428">
</testcase>
<testcase name="Protected Routes › should access dashboard after login" classname="navigation\protected-routes.spec.ts" time="1.433">
</testcase>
<testcase name="Protected Routes › should show 403 when learner tries to access operator route" classname="navigation\protected-routes.spec.ts" time="1.038">
</testcase>
<testcase name="Protected Routes › should allow operator to access operator routes" classname="navigation\protected-routes.spec.ts" time="9.008">
</testcase>
</testsuite>
<testsuite name="operational\dashboard.spec.ts" timestamp="2025-12-20T15:32:28.715Z" hostname="chromium" tests="4" failures="0" skipped="0" time="14.781" errors="0">
<testcase name="Operator Dashboard › should deny access to learner" classname="operational\dashboard.spec.ts" time="1.596">
</testcase>
<testcase name="Operator Dashboard › should allow operator to access dashboard" classname="operational\dashboard.spec.ts" time="9.009">
</testcase>
<testcase name="Operator Dashboard › should display header navigation for operator" classname="operational\dashboard.spec.ts" time="2.086">
</testcase>
<testcase name="Operator Dashboard › should display sidebar for operator" classname="operational\dashboard.spec.ts" time="2.09">
</testcase>
</testsuite>
<testsuite name="operational\review-queue.spec.ts" timestamp="2025-12-20T15:32:28.715Z" hostname="chromium" tests="5" failures="0" skipped="0" time="39.627" errors="0">
<testcase name="Review Queue › should deny access to learner" classname="operational\review-queue.spec.ts" time="1.555">
</testcase>
<testcase name="Review Queue › should allow operator to access review queue" classname="operational\review-queue.spec.ts" time="9.615">
</testcase>
<testcase name="Review Queue › should display content type filter" classname="operational\review-queue.spec.ts" time="9.707">
</testcase>
<testcase name="Review Queue › should display table headers" classname="operational\review-queue.spec.ts" time="9.2">
</testcase>
<testcase name="Review Queue › should display sidebar navigation" classname="operational\review-queue.spec.ts" time="9.55">
</testcase>
</testsuite>
</testsuites>