<testsuites id="" name="" tests="35" failures="0" skipped="0" errors="0" time="97.403211">
<testsuite name="auth\login.spec.ts" timestamp="2025-12-21T08:24:54.005Z" hostname="chromium" tests="5" failures="0" skipped="0" time="4.424" errors="0">
<testcase name="Login Page › should display login form" classname="auth\login.spec.ts" time="0.6">
</testcase>
<testcase name="Login Page › should navigate to register page when clicking sign up link" classname="auth\login.spec.ts" time="0.494">
</testcase>
<testcase name="Login Page › should show error for invalid credentials" classname="auth\login.spec.ts" time="0.877">
</testcase>
<testcase name="Login Page › should successfully login with valid credentials" classname="auth\login.spec.ts" time="0.965">
</testcase>
<testcase name="Login Page › should successfully login as operator" classname="auth\login.spec.ts" time="1.488">
</testcase>
</testsuite>
<testsuite name="auth\register.spec.ts" timestamp="2025-12-21T08:24:54.005Z" hostname="chromium" tests="7" failures="0" skipped="0" time="6.727" errors="0">
<testcase name="Register Page › should display registration form" classname="auth\register.spec.ts" time="0.543">
</testcase>
<testcase name="Register Page › should navigate to login page when clicking sign in link" classname="auth\register.spec.ts" time="0.501">
</testcase>
<testcase name="Register Page › should show password requirements hint" classname="auth\register.spec.ts" time="0.418">
</testcase>
<testcase name="Register Page › should successfully register with valid data" classname="auth\register.spec.ts" time="1.43">
</testcase>
<testcase name="Register Page › should successfully register as operator" classname="auth\register.spec.ts" time="1.412">
</testcase>
<testcase name="Register Page › should show error when email already exists" classname="auth\register.spec.ts" time="1.006">
</testcase>
<testcase name="Register Page › should register with Spanish base language" classname="auth\register.spec.ts" time="1.417">
</testcase>
</testsuite>
<testsuite name="navigation\header.spec.ts" timestamp="2025-12-21T08:24:54.005Z" hostname="chromium" tests="5" failures="0" skipped="0" time="7.013" errors="0">
<testcase name="Header Navigation › should display user email in header after login" classname="navigation\header.spec.ts" time="1.469">
</testcase>
<testcase name="Header Navigation › should show learner navigation links for learner" classname="navigation\header.spec.ts" time="0.996">
</testcase>
<testcase name="Header Navigation › should show operator navigation links for operator" classname="navigation\header.spec.ts" time="1.461">
</testcase>
<testcase name="Header Navigation › should logout and redirect to login page" classname="navigation\header.spec.ts" time="1.616">
</testcase>
<testcase name="Header Navigation › should show user role in dropdown menu" classname="navigation\header.spec.ts" time="1.471">
</testcase>
</testsuite>
<testsuite name="navigation\protected-routes.spec.ts" timestamp="2025-12-21T08:24:54.005Z" hostname="chromium" tests="4" failures="0" skipped="0" time="13.132" errors="0">
<testcase name="Protected Routes › should redirect to login when accessing protected route without auth" classname="navigation\protected-routes.spec.ts" time="0.515">
</testcase>
<testcase name="Protected Routes › should access dashboard after login" classname="navigation\protected-routes.spec.ts" time="1.457">
</testcase>
<testcase name="Protected Routes › should show 403 when learner tries to access operator route" classname="navigation\protected-routes.spec.ts" time="1.576">
</testcase>
<testcase name="Protected Routes › should allow operator to access operator routes" classname="navigation\protected-routes.spec.ts" time="9.584">
</testcase>
</testsuite>
<testsuite name="operational\dashboard.spec.ts" timestamp="2025-12-21T08:24:54.005Z" hostname="chromium" tests="4" failures="0" skipped="0" time="14.395" errors="0">
<testcase name="Operator Dashboard › should deny access to learner" classname="operational\dashboard.spec.ts" time="1.13">
</testcase>
<testcase name="Operator Dashboard › should allow operator to access dashboard" classname="operational\dashboard.spec.ts" time="9.044">
</testcase>
<testcase name="Operator Dashboard › should display header navigation for operator" classname="operational\dashboard.spec.ts" time="2.122">
</testcase>
<testcase name="Operator Dashboard › should display sidebar for operator" classname="operational\dashboard.spec.ts" time="2.099">
</testcase>
</testsuite>
<testsuite name="operational\failures.spec.ts" timestamp="2025-12-21T08:24:54.005Z" hostname="chromium" tests="5" failures="0" skipped="0" time="7.869" errors="0">
<testcase name="Failures Page › should deny access to learner" classname="operational\failures.spec.ts" time="1.575">
</testcase>
<testcase name="Failures Page › should allow operator to access failures page" classname="operational\failures.spec.ts" time="1.62">
</testcase>
<testcase name="Failures Page › should display filters" classname="operational\failures.spec.ts" time="1.61">
</testcase>
<testcase name="Failures Page › should show empty state when no failures" classname="operational\failures.spec.ts" time="1.617">
</testcase>
<testcase name="Failures Page › should display failures link in header for operator" classname="operational\failures.spec.ts" time="1.447">
</testcase>
</testsuite>
<testsuite name="operational\review-queue.spec.ts" timestamp="2025-12-21T08:24:54.005Z" hostname="chromium" tests="5" failures="0" skipped="0" time="39.307" errors="0">
<testcase name="Review Queue › should deny access to learner" classname="operational\review-queue.spec.ts" time="1.57">
</testcase>
<testcase name="Review Queue › should allow operator to access review queue" classname="operational\review-queue.spec.ts" time="9.557">
</testcase>
<testcase name="Review Queue › should display content type filter" classname="operational\review-queue.spec.ts" time="9.57">
</testcase>
<testcase name="Review Queue › should display table headers" classname="operational\review-queue.spec.ts" time="9.551">
</testcase>
<testcase name="Review Queue › should display sidebar navigation" classname="operational\review-queue.spec.ts" time="9.059">
</testcase>
</testsuite>
</testsuites>