<testsuites id="" name="" tests="7" failures="0" skipped="0" errors="0" time="14.438469999999999">
<testsuite name="operational\feedback.spec.ts" timestamp="2025-12-21T15:24:39.885Z" hostname="chromium" tests="7" failures="0" skipped="0" time="10.626" errors="0">
<testcase name="Feedback System › should allow operator to provide feedback on item" classname="operational\feedback.spec.ts" time="1.311">
</testcase>
<testcase name="Feedback System › should display feedback dialog with all required fields" classname="operational\feedback.spec.ts" time="1.667">
</testcase>
<testcase name="Feedback System › should validate feedback form fields" classname="operational\feedback.spec.ts" time="1.617">
</testcase>
<testcase name="Feedback System › should allow operator to view feedback analytics" classname="operational\feedback.spec.ts" time="1.183">
</testcase>
<testcase name="Feedback System › should display feedback templates when category is selected" classname="operational\feedback.spec.ts" time="1.624">
</testcase>
<testcase name="Feedback System › should close feedback dialog when cancel is clicked" classname="operational\feedback.spec.ts" time="1.614">
</testcase>
<testcase name="Feedback System › should deny access to learner" classname="operational\feedback.spec.ts" time="1.61">
</testcase>
</testsuite>
</testsuites>