<testsuites id="" name="" tests="47" failures="7" skipped="0" errors="0" time="226.92256899999998">
<testsuite name="auth\login.spec.ts" timestamp="2025-12-21T12:19:35.133Z" hostname="chromium" tests="5" failures="0" skipped="0" time="4.822" errors="0">
<testcase name="Login Page › should display login form" classname="auth\login.spec.ts" time="0.566">
</testcase>
<testcase name="Login Page › should navigate to register page when clicking sign up link" classname="auth\login.spec.ts" time="0.479">
</testcase>
<testcase name="Login Page › should show error for invalid credentials" classname="auth\login.spec.ts" time="0.874">
</testcase>
<testcase name="Login Page › should successfully login with valid credentials" classname="auth\login.spec.ts" time="1.425">
</testcase>
<testcase name="Login Page › should successfully login as operator" classname="auth\login.spec.ts" time="1.478">
</testcase>
</testsuite>
<testsuite name="auth\register.spec.ts" timestamp="2025-12-21T12:19:35.133Z" hostname="chromium" tests="7" failures="0" skipped="0" time="6.667" errors="0">
<testcase name="Register Page › should display registration form" classname="auth\register.spec.ts" time="0.492">
</testcase>
<testcase name="Register Page › should navigate to login page when clicking sign in link" classname="auth\register.spec.ts" time="0.513">
</testcase>
<testcase name="Register Page › should show password requirements hint" classname="auth\register.spec.ts" time="0.453">
</testcase>
<testcase name="Register Page › should successfully register with valid data" classname="auth\register.spec.ts" time="1.375">
</testcase>
<testcase name="Register Page › should successfully register as operator" classname="auth\register.spec.ts" time="1.423">
</testcase>
<testcase name="Register Page › should show error when email already exists" classname="auth\register.spec.ts" time="0.944">
</testcase>
<testcase name="Register Page › should register with Spanish base language" classname="auth\register.spec.ts" time="1.467">
</testcase>
</testsuite>
<testsuite name="navigation\header.spec.ts" timestamp="2025-12-21T12:19:35.133Z" hostname="chromium" tests="5" failures="0" skipped="0" time="7.347" errors="0">
<testcase name="Header Navigation › should display user email in header after login" classname="navigation\header.spec.ts" time="1.429">
</testcase>
<testcase name="Header Navigation › should show learner navigation links for learner" classname="navigation\header.spec.ts" time="1.421">
</testcase>
<testcase name="Header Navigation › should show operator navigation links for operator" classname="navigation\header.spec.ts" time="1.435">
</testcase>
<testcase name="Header Navigation › should logout and redirect to login page" classname="navigation\header.spec.ts" time="1.599">
</testcase>
<testcase name="Header Navigation › should show user role in dropdown menu" classname="navigation\header.spec.ts" time="1.463">
</testcase>
</testsuite>
<testsuite name="navigation\protected-routes.spec.ts" timestamp="2025-12-21T12:19:35.133Z" hostname="chromium" tests="4" failures="0" skipped="0" time="4.755" errors="0">
<testcase name="Protected Routes › should redirect to login when accessing protected route without auth" classname="navigation\protected-routes.spec.ts" time="0.435">
</testcase>
<testcase name="Protected Routes › should access dashboard after login" classname="navigation\protected-routes.spec.ts" time="1.43">
</testcase>
<testcase name="Protected Routes › should show 403 when learner tries to access operator route" classname="navigation\protected-routes.spec.ts" time="1.077">
</testcase>
<testcase name="Protected Routes › should allow operator to access operator routes" classname="navigation\protected-routes.spec.ts" time="1.813">
</testcase>
</testsuite>
<testsuite name="operational\corpus.spec.ts" timestamp="2025-12-21T12:19:35.133Z" hostname="chromium" tests="6" failures="1" skipped="0" time="19.869" errors="0">
<testcase name="Corpus Explorer › should deny access to learner" classname="operational\corpus.spec.ts" time="1.633">
</testcase>
<testcase name="Corpus Explorer › should allow operator to access corpus explorer" classname="operational\corpus.spec.ts" time="1.666">
</testcase>
<testcase name="Corpus Explorer › should display search and filters" classname="operational\corpus.spec.ts" time="1.643">
</testcase>
<testcase name="Corpus Explorer › should show empty state when no items" classname="operational\corpus.spec.ts" time="12.048">
<failure message="corpus.spec.ts:71:3 should show empty state when no items" type="FAILURE">
<![CDATA[  [chromium] › operational\corpus.spec.ts:71:3 › Corpus Explorer › should show empty state when no items 

    Error: expect(locator).toBeVisible() failed

    Locator: getByText('No items found')
    Expected: visible
    Timeout: 10000ms
    Error: element(s) not found

    Call log:
      - Expect "toBeVisible" with timeout 10000ms
      - waiting for getByText('No items found')


      87 |       timeout: 10000,
      88 |     });
    > 89 |     await expect(page.getByText('No items found')).toBeVisible({ timeout: 10000 });
         |                                                    ^
      90 |   });
      91 |
      92 |   test('should display corpus link in header for operator', async ({ page }) => {
        at G:\Arina_Repositories\PolyLadder\packages\web\e2e\operational\corpus.spec.ts:89:52

    attachment #1: screenshot (image/png) ──────────────────────────────────────────────────────────
    ..\test-results\operational-corpus-Corpus--9d7b8-w-empty-state-when-no-items-chromium\test-failed-1.png
    ────────────────────────────────────────────────────────────────────────────────────────────────

    attachment #2: video (video/webm) ──────────────────────────────────────────────────────────────
    ..\test-results\operational-corpus-Corpus--9d7b8-w-empty-state-when-no-items-chromium\video.webm
    ────────────────────────────────────────────────────────────────────────────────────────────────

    Error Context: ..\test-results\operational-corpus-Corpus--9d7b8-w-empty-state-when-no-items-chromium\error-context.md
]]>
</failure>
<system-out>
<![CDATA[
[[ATTACHMENT|operational-corpus-Corpus--9d7b8-w-empty-state-when-no-items-chromium\test-failed-1.png]]

[[ATTACHMENT|operational-corpus-Corpus--9d7b8-w-empty-state-when-no-items-chromium\video.webm]]

[[ATTACHMENT|operational-corpus-Corpus--9d7b8-w-empty-state-when-no-items-chromium\error-context.md]]
]]>
</system-out>
</testcase>
<testcase name="Corpus Explorer › should display corpus link in header for operator" classname="operational\corpus.spec.ts" time="1.017">
</testcase>
<testcase name="Corpus Explorer › should toggle statistics panel" classname="operational\corpus.spec.ts" time="1.862">
</testcase>
</testsuite>
<testsuite name="operational\curriculum.spec.ts" timestamp="2025-12-21T12:19:35.133Z" hostname="chromium" tests="8" failures="6" skipped="0" time="116.068" errors="0">
<testcase name="Curriculum Page › should deny access to learner" classname="operational\curriculum.spec.ts" time="1.594">
</testcase>
<testcase name="Curriculum Page › should allow operator to access curriculum page" classname="operational\curriculum.spec.ts" time="1.596">
</testcase>
<testcase name="Curriculum Page › should display language selector with all supported languages" classname="operational\curriculum.spec.ts" time="5.899">
<failure message="curriculum.spec.ts:46:3 should display language selector with all supported languages" type="FAILURE">
<![CDATA[  [chromium] › operational\curriculum.spec.ts:46:3 › Curriculum Page › should display language selector with all supported languages 

    Error: expect(locator).toBeVisible() failed

    Locator: locator('select').first()
    Expected: visible
    Timeout: 5000ms
    Error: element(s) not found

    Call log:
      - Expect "toBeVisible" with timeout 5000ms
      - waiting for locator('select').first()


      59 |
      60 |     const languageSelect = page.locator('select').first();
    > 61 |     await expect(languageSelect).toBeVisible();
         |                                  ^
      62 |
      63 |     await expect(languageSelect.locator('option[value="ES"]')).toHaveText('Spanish');
      64 |     await expect(languageSelect.locator('option[value="IT"]')).toHaveText('Italian');
        at G:\Arina_Repositories\PolyLadder\packages\web\e2e\operational\curriculum.spec.ts:61:34

    attachment #1: screenshot (image/png) ──────────────────────────────────────────────────────────
    ..\test-results\operational-curriculum-Cur-a6057-ith-all-supported-languages-chromium\test-failed-1.png
    ────────────────────────────────────────────────────────────────────────────────────────────────

    attachment #2: video (video/webm) ──────────────────────────────────────────────────────────────
    ..\test-results\operational-curriculum-Cur-a6057-ith-all-supported-languages-chromium\video.webm
    ────────────────────────────────────────────────────────────────────────────────────────────────

    Error Context: ..\test-results\operational-curriculum-Cur-a6057-ith-all-supported-languages-chromium\error-context.md
]]>
</failure>
<system-out>
<![CDATA[
[[ATTACHMENT|operational-curriculum-Cur-a6057-ith-all-supported-languages-chromium\test-failed-1.png]]

[[ATTACHMENT|operational-curriculum-Cur-a6057-ith-all-supported-languages-chromium\video.webm]]

[[ATTACHMENT|operational-curriculum-Cur-a6057-ith-all-supported-languages-chromium\error-context.md]]
]]>
</system-out>
</testcase>
<testcase name="Curriculum Page › should display all CEFR levels" classname="operational\curriculum.spec.ts" time="5.902">
<failure message="curriculum.spec.ts:69:3 should display all CEFR levels" type="FAILURE">
<![CDATA[  [chromium] › operational\curriculum.spec.ts:69:3 › Curriculum Page › should display all CEFR levels 

    Error: expect(locator).toBeVisible() failed

    Locator: getByText('A0')
    Expected: visible
    Timeout: 5000ms
    Error: element(s) not found

    Call log:
      - Expect "toBeVisible" with timeout 5000ms
      - waiting for getByText('A0')


      81 |     await page.goto('/operator/curriculum');
      82 |
    > 83 |     await expect(page.getByText('A0')).toBeVisible();
         |                                        ^
      84 |     await expect(page.getByText('A1')).toBeVisible();
      85 |     await expect(page.getByText('A2')).toBeVisible();
      86 |     await expect(page.getByText('B1')).toBeVisible();
        at G:\Arina_Repositories\PolyLadder\packages\web\e2e\operational\curriculum.spec.ts:83:40

    attachment #1: screenshot (image/png) ──────────────────────────────────────────────────────────
    ..\test-results\operational-curriculum-Cur-2f719-uld-display-all-CEFR-levels-chromium\test-failed-1.png
    ────────────────────────────────────────────────────────────────────────────────────────────────

    attachment #2: video (video/webm) ──────────────────────────────────────────────────────────────
    ..\test-results\operational-curriculum-Cur-2f719-uld-display-all-CEFR-levels-chromium\video.webm
    ────────────────────────────────────────────────────────────────────────────────────────────────

    Error Context: ..\test-results\operational-curriculum-Cur-2f719-uld-display-all-CEFR-levels-chromium\error-context.md
]]>
</failure>
<system-out>
<![CDATA[
[[ATTACHMENT|operational-curriculum-Cur-2f719-uld-display-all-CEFR-levels-chromium\test-failed-1.png]]

[[ATTACHMENT|operational-curriculum-Cur-2f719-uld-display-all-CEFR-levels-chromium\video.webm]]

[[ATTACHMENT|operational-curriculum-Cur-2f719-uld-display-all-CEFR-levels-chromium\error-context.md]]
]]>
</system-out>
</testcase>
<testcase name="Curriculum Page › should expand and collapse level sections" classname="operational\curriculum.spec.ts" time="31.754">
<failure message="curriculum.spec.ts:92:3 should expand and collapse level sections" type="FAILURE">
<![CDATA[  [chromium] › operational\curriculum.spec.ts:92:3 › Curriculum Page › should expand and collapse level sections 

    Test timeout of 30000ms exceeded.

    Error: locator.click: Test timeout of 30000ms exceeded.
    Call log:
      - waiting for locator('button').filter({ hasText: 'A1' }).first()


      105 |
      106 |     const levelButton = page.locator('button').filter({ hasText: 'A1' }).first();
    > 107 |     await levelButton.click();
          |                       ^
      108 |
      109 |     await expect(page.getByText('Topics')).toBeVisible();
      110 |     await expect(page.getByRole('button', { name: /Add Topic/ })).toBeVisible();
        at G:\Arina_Repositories\PolyLadder\packages\web\e2e\operational\curriculum.spec.ts:107:23

    attachment #1: screenshot (image/png) ──────────────────────────────────────────────────────────
    ..\test-results\operational-curriculum-Cur-b7612-and-collapse-level-sections-chromium\test-failed-1.png
    ────────────────────────────────────────────────────────────────────────────────────────────────

    attachment #2: video (video/webm) ──────────────────────────────────────────────────────────────
    ..\test-results\operational-curriculum-Cur-b7612-and-collapse-level-sections-chromium\video.webm
    ────────────────────────────────────────────────────────────────────────────────────────────────

    Error Context: ..\test-results\operational-curriculum-Cur-b7612-and-collapse-level-sections-chromium\error-context.md
]]>
</failure>
<system-out>
<![CDATA[
[[ATTACHMENT|operational-curriculum-Cur-b7612-and-collapse-level-sections-chromium\test-failed-1.png]]

[[ATTACHMENT|operational-curriculum-Cur-b7612-and-collapse-level-sections-chromium\video.webm]]

[[ATTACHMENT|operational-curriculum-Cur-b7612-and-collapse-level-sections-chromium\error-context.md]]
]]>
</system-out>
</testcase>
<testcase name="Curriculum Page › should show empty state when no topics defined" classname="operational\curriculum.spec.ts" time="31.707">
<failure message="curriculum.spec.ts:117:3 should show empty state when no topics defined" type="FAILURE">
<![CDATA[  [chromium] › operational\curriculum.spec.ts:117:3 › Curriculum Page › should show empty state when no topics defined 

    Test timeout of 30000ms exceeded.

    Error: locator.click: Test timeout of 30000ms exceeded.
    Call log:
      - waiting for locator('button').filter({ hasText: 'A1' }).first()


      130 |
      131 |     const levelButton = page.locator('button').filter({ hasText: 'A1' }).first();
    > 132 |     await levelButton.click();
          |                       ^
      133 |
      134 |     await expect(page.getByText(/No topics defined yet/)).toBeVisible();
      135 |   });
        at G:\Arina_Repositories\PolyLadder\packages\web\e2e\operational\curriculum.spec.ts:132:23

    attachment #1: screenshot (image/png) ──────────────────────────────────────────────────────────
    ..\test-results\operational-curriculum-Cur-892e2-tate-when-no-topics-defined-chromium\test-failed-1.png
    ────────────────────────────────────────────────────────────────────────────────────────────────

    attachment #2: video (video/webm) ──────────────────────────────────────────────────────────────
    ..\test-results\operational-curriculum-Cur-892e2-tate-when-no-topics-defined-chromium\video.webm
    ────────────────────────────────────────────────────────────────────────────────────────────────

    Error Context: ..\test-results\operational-curriculum-Cur-892e2-tate-when-no-topics-defined-chromium\error-context.md
]]>
</failure>
<system-out>
<![CDATA[
[[ATTACHMENT|operational-curriculum-Cur-892e2-tate-when-no-topics-defined-chromium\test-failed-1.png]]

[[ATTACHMENT|operational-curriculum-Cur-892e2-tate-when-no-topics-defined-chromium\video.webm]]

[[ATTACHMENT|operational-curriculum-Cur-892e2-tate-when-no-topics-defined-chromium\error-context.md]]
]]>
</system-out>
</testcase>
<testcase name="Curriculum Page › should add a new topic" classname="operational\curriculum.spec.ts" time="31.678">
<failure message="curriculum.spec.ts:137:3 should add a new topic" type="FAILURE">
<![CDATA[  [chromium] › operational\curriculum.spec.ts:137:3 › Curriculum Page › should add a new topic ─────

    Test timeout of 30000ms exceeded.

    Error: locator.click: Test timeout of 30000ms exceeded.
    Call log:
      - waiting for locator('button').filter({ hasText: 'A1' }).first()


      150 |
      151 |     const levelButton = page.locator('button').filter({ hasText: 'A1' }).first();
    > 152 |     await levelButton.click();
          |                       ^
      153 |
      154 |     await page.getByRole('button', { name: /Add Topic/ }).click();
      155 |
        at G:\Arina_Repositories\PolyLadder\packages\web\e2e\operational\curriculum.spec.ts:152:23

    attachment #1: screenshot (image/png) ──────────────────────────────────────────────────────────
    ..\test-results\operational-curriculum-Cur-ffd05-Page-should-add-a-new-topic-chromium\test-failed-1.png
    ────────────────────────────────────────────────────────────────────────────────────────────────

    attachment #2: video (video/webm) ──────────────────────────────────────────────────────────────
    ..\test-results\operational-curriculum-Cur-ffd05-Page-should-add-a-new-topic-chromium\video.webm
    ────────────────────────────────────────────────────────────────────────────────────────────────

    Error Context: ..\test-results\operational-curriculum-Cur-ffd05-Page-should-add-a-new-topic-chromium\error-context.md
]]>
</failure>
<system-out>
<![CDATA[
[[ATTACHMENT|operational-curriculum-Cur-ffd05-Page-should-add-a-new-topic-chromium\test-failed-1.png]]

[[ATTACHMENT|operational-curriculum-Cur-ffd05-Page-should-add-a-new-topic-chromium\video.webm]]

[[ATTACHMENT|operational-curriculum-Cur-ffd05-Page-should-add-a-new-topic-chromium\error-context.md]]
]]>
</system-out>
</testcase>
<testcase name="Curriculum Page › should display curriculum link in header for operator" classname="operational\curriculum.spec.ts" time="5.938">
<failure message="curriculum.spec.ts:159:3 should display curriculum link in header for operator" type="FAILURE">
<![CDATA[  [chromium] › operational\curriculum.spec.ts:159:3 › Curriculum Page › should display curriculum link in header for operator 

    Error: expect(locator).toBeVisible() failed

    Locator: getByRole('link', { name: 'Curriculum' })
    Expected: visible
    Timeout: 5000ms
    Error: element(s) not found

    Call log:
      - Expect "toBeVisible" with timeout 5000ms
      - waiting for getByRole('link', { name: 'Curriculum' })


      171 |     await page.goto('/dashboard');
      172 |
    > 173 |     await expect(page.getByRole('link', { name: 'Curriculum' })).toBeVisible();
          |                                                                  ^
      174 |
      175 |     await page.getByRole('link', { name: 'Curriculum' }).click();
      176 |
        at G:\Arina_Repositories\PolyLadder\packages\web\e2e\operational\curriculum.spec.ts:173:66

    attachment #1: screenshot (image/png) ──────────────────────────────────────────────────────────
    ..\test-results\operational-curriculum-Cur-8d4bd-link-in-header-for-operator-chromium\test-failed-1.png
    ────────────────────────────────────────────────────────────────────────────────────────────────

    attachment #2: video (video/webm) ──────────────────────────────────────────────────────────────
    ..\test-results\operational-curriculum-Cur-8d4bd-link-in-header-for-operator-chromium\video.webm
    ────────────────────────────────────────────────────────────────────────────────────────────────

    Error Context: ..\test-results\operational-curriculum-Cur-8d4bd-link-in-header-for-operator-chromium\error-context.md
]]>
</failure>
<system-out>
<![CDATA[
[[ATTACHMENT|operational-curriculum-Cur-8d4bd-link-in-header-for-operator-chromium\test-failed-1.png]]

[[ATTACHMENT|operational-curriculum-Cur-8d4bd-link-in-header-for-operator-chromium\video.webm]]

[[ATTACHMENT|operational-curriculum-Cur-8d4bd-link-in-header-for-operator-chromium\error-context.md]]
]]>
</system-out>
</testcase>
</testsuite>
<testsuite name="operational\dashboard.spec.ts" timestamp="2025-12-21T12:19:35.133Z" hostname="chromium" tests="3" failures="0" skipped="0" time="6.062" errors="0">
<testcase name="Operator Dashboard › should deny access to learner" classname="operational\dashboard.spec.ts" time="1.698">
</testcase>
<testcase name="Operator Dashboard › should allow operator to access dashboard" classname="operational\dashboard.spec.ts" time="2.123">
</testcase>
<testcase name="Operator Dashboard › should display header navigation for operator" classname="operational\dashboard.spec.ts" time="2.241">
</testcase>
</testsuite>
<testsuite name="operational\failures.spec.ts" timestamp="2025-12-21T12:19:35.133Z" hostname="chromium" tests="5" failures="0" skipped="0" time="6.37" errors="0">
<testcase name="Failures Page › should deny access to learner" classname="operational\failures.spec.ts" time="1.062">
</testcase>
<testcase name="Failures Page › should allow operator to access failures page" classname="operational\failures.spec.ts" time="1.106">
</testcase>
<testcase name="Failures Page › should display filters" classname="operational\failures.spec.ts" time="1.115">
</testcase>
<testcase name="Failures Page › should show empty state when no failures" classname="operational\failures.spec.ts" time="1.638">
</testcase>
<testcase name="Failures Page › should display failures link in header for operator" classname="operational\failures.spec.ts" time="1.449">
</testcase>
</testsuite>
<testsuite name="operational\review-queue.spec.ts" timestamp="2025-12-21T12:19:35.133Z" hostname="chromium" tests="4" failures="0" skipped="0" time="30.272" errors="0">
<testcase name="Review Queue › should deny access to learner" classname="operational\review-queue.spec.ts" time="1.589">
</testcase>
<testcase name="Review Queue › should allow operator to access review queue" classname="operational\review-queue.spec.ts" time="9.52">
</testcase>
<testcase name="Review Queue › should display content type filter" classname="operational\review-queue.spec.ts" time="9.587">
</testcase>
<testcase name="Review Queue › should display table headers" classname="operational\review-queue.spec.ts" time="9.576">
</testcase>
</testsuite>
</testsuites>