<testsuites id="" name="" tests="9" failures="0" skipped="3" errors="0" time="7.451005">
<testsuite name="auth\login.spec.ts" timestamp="2025-12-20T13:53:02.831Z" hostname="chromium" tests="4" failures="0" skipped="1" time="5.207" errors="0">
<testcase name="Login Page › should display login form" classname="auth\login.spec.ts" time="0.73">
</testcase>
<testcase name="Login Page › should navigate to register page when clicking sign up link" classname="auth\login.spec.ts" time="0.702">
</testcase>
<testcase name="Login Page › should show error for invalid credentials" classname="auth\login.spec.ts" time="3.775">
</testcase>
<testcase name="Login Page › should successfully login with valid credentials" classname="auth\login.spec.ts" time="0">
<properties>
<property name="skip" value="">
</property>
</properties>
<skipped>
</skipped>
</testcase>
</testsuite>
<testsuite name="auth\register.spec.ts" timestamp="2025-12-20T13:53:02.831Z" hostname="chromium" tests="5" failures="0" skipped="2" time="1.981" errors="0">
<testcase name="Register Page › should display registration form" classname="auth\register.spec.ts" time="0.753">
</testcase>
<testcase name="Register Page › should navigate to login page when clicking sign in link" classname="auth\register.spec.ts" time="0.684">
</testcase>
<testcase name="Register Page › should show password requirements hint" classname="auth\register.spec.ts" time="0.544">
</testcase>
<testcase name="Register Page › should successfully register with valid data" classname="auth\register.spec.ts" time="0">
<properties>
<property name="skip" value="">
</property>
</properties>
<skipped>
</skipped>
</testcase>
<testcase name="Register Page › should show error when email already exists" classname="auth\register.spec.ts" time="0">
<properties>
<property name="skip" value="">
</property>
</properties>
<skipped>
</skipped>
</testcase>
</testsuite>
</testsuites>