<testsuites id="" name="" tests="67" failures="0" skipped="0" errors="0" time="111.50773699999999">
<testsuite name="auth\login.spec.ts" timestamp="2025-12-22T08:20:25.072Z" hostname="chromium" tests="5" failures="0" skipped="0" time="4.64" errors="0">
<testcase name="Login Page › should display login form" classname="auth\login.spec.ts" time="0.754">
</testcase>
<testcase name="Login Page › should navigate to register page when clicking sign up link" classname="auth\login.spec.ts" time="0.512">
</testcase>
<testcase name="Login Page › should show error for invalid credentials" classname="auth\login.spec.ts" time="0.935">
</testcase>
<testcase name="Login Page › should successfully login with valid credentials" classname="auth\login.spec.ts" time="1.485">
</testcase>
<testcase name="Login Page › should successfully login as operator" classname="auth\login.spec.ts" time="0.954">
</testcase>
</testsuite>
<testsuite name="auth\register.spec.ts" timestamp="2025-12-22T08:20:25.072Z" hostname="chromium" tests="7" failures="0" skipped="0" time="6.84" errors="0">
<testcase name="Register Page › should display registration form" classname="auth\register.spec.ts" time="0.519">
</testcase>
<testcase name="Register Page › should navigate to login page when clicking sign in link" classname="auth\register.spec.ts" time="0.551">
</testcase>
<testcase name="Register Page › should show password requirements hint" classname="auth\register.spec.ts" time="0.514">
</testcase>
<testcase name="Register Page › should successfully register with valid data" classname="auth\register.spec.ts" time="1.402">
</testcase>
<testcase name="Register Page › should successfully register as operator" classname="auth\register.spec.ts" time="1.457">
</testcase>
<testcase name="Register Page › should show error when email already exists" classname="auth\register.spec.ts" time="0.966">
</testcase>
<testcase name="Register Page › should register with Spanish base language" classname="auth\register.spec.ts" time="1.431">
</testcase>
</testsuite>
<testsuite name="navigation\header.spec.ts" timestamp="2025-12-22T08:20:25.072Z" hostname="chromium" tests="5" failures="0" skipped="0" time="7.52" errors="0">
<testcase name="Header Navigation › should display user email in header after login" classname="navigation\header.spec.ts" time="1.458">
</testcase>
<testcase name="Header Navigation › should show learner navigation links for learner" classname="navigation\header.spec.ts" time="1.432">
</testcase>
<testcase name="Header Navigation › should show operator navigation links for operator" classname="navigation\header.spec.ts" time="1.475">
</testcase>
<testcase name="Header Navigation › should logout and redirect to login page" classname="navigation\header.spec.ts" time="1.591">
</testcase>
<testcase name="Header Navigation › should show user role in dropdown menu" classname="navigation\header.spec.ts" time="1.564">
</testcase>
</testsuite>
<testsuite name="navigation\protected-routes.spec.ts" timestamp="2025-12-22T08:20:25.072Z" hostname="chromium" tests="4" failures="0" skipped="0" time="4.85" errors="0">
<testcase name="Protected Routes › should redirect to login when accessing protected route without auth" classname="navigation\protected-routes.spec.ts" time="0.45">
</testcase>
<testcase name="Protected Routes › should access dashboard after login" classname="navigation\protected-routes.spec.ts" time="1.516">
</testcase>
<testcase name="Protected Routes › should show 403 when learner tries to access operator route" classname="navigation\protected-routes.spec.ts" time="1.099">
</testcase>
<testcase name="Protected Routes › should allow operator to access operator routes" classname="navigation\protected-routes.spec.ts" time="1.785">
</testcase>
</testsuite>
<testsuite name="operational\corpus.spec.ts" timestamp="2025-12-22T08:20:25.072Z" hostname="chromium" tests="6" failures="0" skipped="0" time="9.335" errors="0">
<testcase name="Corpus Explorer › should deny access to learner" classname="operational\corpus.spec.ts" time="1.588">
</testcase>
<testcase name="Corpus Explorer › should allow operator to access corpus explorer" classname="operational\corpus.spec.ts" time="1.644">
</testcase>
<testcase name="Corpus Explorer › should display search and filters" classname="operational\corpus.spec.ts" time="1.646">
</testcase>
<testcase name="Corpus Explorer › should show empty state when no items" classname="operational\corpus.spec.ts" time="1.655">
</testcase>
<testcase name="Corpus Explorer › should display corpus link in header for operator" classname="operational\corpus.spec.ts" time="1.476">
</testcase>
<testcase name="Corpus Explorer › should toggle statistics panel" classname="operational\corpus.spec.ts" time="1.326">
</testcase>
</testsuite>
<testsuite name="operational\curriculum.spec.ts" timestamp="2025-12-22T08:20:25.072Z" hostname="chromium" tests="8" failures="0" skipped="0" time="13.048" errors="0">
<testcase name="Curriculum Page › should deny access to learner" classname="operational\curriculum.spec.ts" time="1.589">
</testcase>
<testcase name="Curriculum Page › should allow operator to access curriculum page" classname="operational\curriculum.spec.ts" time="1.682">
</testcase>
<testcase name="Curriculum Page › should display language selector with all supported languages" classname="operational\curriculum.spec.ts" time="1.651">
</testcase>
<testcase name="Curriculum Page › should display all CEFR levels" classname="operational\curriculum.spec.ts" time="1.651">
</testcase>
<testcase name="Curriculum Page › should expand and collapse level sections" classname="operational\curriculum.spec.ts" time="1.782">
</testcase>
<testcase name="Curriculum Page › should show empty state when no topics defined" classname="operational\curriculum.spec.ts" time="1.726">
</testcase>
<testcase name="Curriculum Page › should add a new topic" classname="operational\curriculum.spec.ts" time="1.815">
</testcase>
<testcase name="Curriculum Page › should display curriculum link in header for operator" classname="operational\curriculum.spec.ts" time="1.152">
</testcase>
</testsuite>
<testsuite name="operational\dashboard.spec.ts" timestamp="2025-12-22T08:20:25.072Z" hostname="chromium" tests="3" failures="0" skipped="0" time="5.455" errors="0">
<testcase name="Operator Dashboard › should deny access to learner" classname="operational\dashboard.spec.ts" time="1.066">
</testcase>
<testcase name="Operator Dashboard › should allow operator to access dashboard" classname="operational\dashboard.spec.ts" time="2.24">
</testcase>
<testcase name="Operator Dashboard › should display header navigation for operator" classname="operational\dashboard.spec.ts" time="2.149">
</testcase>
</testsuite>
<testsuite name="operational\documents.spec.ts" timestamp="2025-12-22T08:20:25.072Z" hostname="chromium" tests="7" failures="0" skipped="0" time="10.408" errors="0">
<testcase name="Document Library Page › should deny access to learner" classname="operational\documents.spec.ts" time="1.565">
</testcase>
<testcase name="Document Library Page › should allow operator to access document library" classname="operational\documents.spec.ts" time="1.612">
</testcase>
<testcase name="Document Library Page › should display empty state when no documents" classname="operational\documents.spec.ts" time="1.621">
</testcase>
<testcase name="Document Library Page › should display upload button" classname="operational\documents.spec.ts" time="1.586">
</testcase>
<testcase name="Document Library Page › should open upload modal when clicking upload button" classname="operational\documents.spec.ts" time="1.133">
</testcase>
<testcase name="Document Library Page › should display documents link in header for operator" classname="operational\documents.spec.ts" time="1.726">
</testcase>
<testcase name="Document Library Page › should close upload modal when clicking cancel" classname="operational\documents.spec.ts" time="1.165">
</testcase>
</testsuite>
<testsuite name="operational\failures.spec.ts" timestamp="2025-12-22T08:20:25.072Z" hostname="chromium" tests="5" failures="0" skipped="0" time="7.363" errors="0">
<testcase name="Failures Page › should deny access to learner" classname="operational\failures.spec.ts" time="1.567">
</testcase>
<testcase name="Failures Page › should allow operator to access failures page" classname="operational\failures.spec.ts" time="1.613">
</testcase>
<testcase name="Failures Page › should display filters" classname="operational\failures.spec.ts" time="1.117">
</testcase>
<testcase name="Failures Page › should show empty state when no failures" classname="operational\failures.spec.ts" time="1.606">
</testcase>
<testcase name="Failures Page › should display failures link in header for operator" classname="operational\failures.spec.ts" time="1.46">
</testcase>
</testsuite>
<testsuite name="operational\feedback.spec.ts" timestamp="2025-12-22T08:20:25.072Z" hostname="chromium" tests="7" failures="0" skipped="0" time="10.871" errors="0">
<testcase name="Feedback System › should allow operator to provide feedback on item" classname="operational\feedback.spec.ts" time="1.605">
</testcase>
<testcase name="Feedback System › should display feedback dialog with all required fields" classname="operational\feedback.spec.ts" time="1.132">
</testcase>
<testcase name="Feedback System › should validate feedback form fields" classname="operational\feedback.spec.ts" time="1.611">
</testcase>
<testcase name="Feedback System › should allow operator to view feedback analytics" classname="operational\feedback.spec.ts" time="1.651">
</testcase>
<testcase name="Feedback System › should display feedback templates when category is selected" classname="operational\feedback.spec.ts" time="1.642">
</testcase>
<testcase name="Feedback System › should close feedback dialog when cancel is clicked" classname="operational\feedback.spec.ts" time="1.655">
</testcase>
<testcase name="Feedback System › should deny access to learner" classname="operational\feedback.spec.ts" time="1.575">
</testcase>
</testsuite>
<testsuite name="operational\mappings.spec.ts" timestamp="2025-12-22T08:20:25.072Z" hostname="chromium" tests="6" failures="0" skipped="0" time="9.289" errors="0">
<testcase name="Mapping Review Page › should deny access to learner" classname="operational\mappings.spec.ts" time="1.625">
</testcase>
<testcase name="Mapping Review Page › should allow operator to access mapping review page" classname="operational\mappings.spec.ts" time="1.589">
</testcase>
<testcase name="Mapping Review Page › should display empty state when no mappings" classname="operational\mappings.spec.ts" time="1.606">
</testcase>
<testcase name="Mapping Review Page › should display pending review count" classname="operational\mappings.spec.ts" time="1.622">
</testcase>
<testcase name="Mapping Review Page › should display mappings link in header for operator" classname="operational\mappings.spec.ts" time="1.744">
</testcase>
<testcase name="Mapping Review Page › should not display bulk confirm button when no high confidence mappings" classname="operational\mappings.spec.ts" time="1.103">
</testcase>
</testsuite>
<testsuite name="operational\review-queue.spec.ts" timestamp="2025-12-22T08:20:25.072Z" hostname="chromium" tests="4" failures="0" skipped="0" time="6.295" errors="0">
<testcase name="Review Queue › should deny access to learner" classname="operational\review-queue.spec.ts" time="1.597">
</testcase>
<testcase name="Review Queue › should allow operator to access review queue" classname="operational\review-queue.spec.ts" time="1.712">
</testcase>
<testcase name="Review Queue › should display content type filter" classname="operational\review-queue.spec.ts" time="1.718">
</testcase>
<testcase name="Review Queue › should display table headers" classname="operational\review-queue.spec.ts" time="1.268">
</testcase>
</testsuite>
</testsuites>