<testsuites id="" name="" tests="47" failures="0" skipped="0" errors="0" time="107.991396">
<testsuite name="auth\login.spec.ts" timestamp="2025-12-21T12:53:37.385Z" hostname="chromium" tests="5" failures="0" skipped="0" time="4.512" errors="0">
<testcase name="Login Page › should display login form" classname="auth\login.spec.ts" time="0.652">
</testcase>
<testcase name="Login Page › should navigate to register page when clicking sign up link" classname="auth\login.spec.ts" time="0.508">
</testcase>
<testcase name="Login Page › should show error for invalid credentials" classname="auth\login.spec.ts" time="0.883">
</testcase>
<testcase name="Login Page › should successfully login with valid credentials" classname="auth\login.spec.ts" time="1.006">
</testcase>
<testcase name="Login Page › should successfully login as operator" classname="auth\login.spec.ts" time="1.463">
</testcase>
</testsuite>
<testsuite name="auth\register.spec.ts" timestamp="2025-12-21T12:53:37.385Z" hostname="chromium" tests="7" failures="0" skipped="0" time="6.383" errors="0">
<testcase name="Register Page › should display registration form" classname="auth\register.spec.ts" time="0.471">
</testcase>
<testcase name="Register Page › should navigate to login page when clicking sign in link" classname="auth\register.spec.ts" time="0.461">
</testcase>
<testcase name="Register Page › should show password requirements hint" classname="auth\register.spec.ts" time="0.412">
</testcase>
<testcase name="Register Page › should successfully register with valid data" classname="auth\register.spec.ts" time="1.359">
</testcase>
<testcase name="Register Page › should successfully register as operator" classname="auth\register.spec.ts" time="1.349">
</testcase>
<testcase name="Register Page › should show error when email already exists" classname="auth\register.spec.ts" time="0.946">
</testcase>
<testcase name="Register Page › should register with Spanish base language" classname="auth\register.spec.ts" time="1.385">
</testcase>
</testsuite>
<testsuite name="navigation\header.spec.ts" timestamp="2025-12-21T12:53:37.385Z" hostname="chromium" tests="5" failures="0" skipped="0" time="6.882" errors="0">
<testcase name="Header Navigation › should display user email in header after login" classname="navigation\header.spec.ts" time="1.446">
</testcase>
<testcase name="Header Navigation › should show learner navigation links for learner" classname="navigation\header.spec.ts" time="1.441">
</testcase>
<testcase name="Header Navigation › should show operator navigation links for operator" classname="navigation\header.spec.ts" time="0.91">
</testcase>
<testcase name="Header Navigation › should logout and redirect to login page" classname="navigation\header.spec.ts" time="1.61">
</testcase>
<testcase name="Header Navigation › should show user role in dropdown menu" classname="navigation\header.spec.ts" time="1.475">
</testcase>
</testsuite>
<testsuite name="navigation\protected-routes.spec.ts" timestamp="2025-12-21T12:53:37.385Z" hostname="chromium" tests="4" failures="0" skipped="0" time="5.223" errors="0">
<testcase name="Protected Routes › should redirect to login when accessing protected route without auth" classname="navigation\protected-routes.spec.ts" time="0.443">
</testcase>
<testcase name="Protected Routes › should access dashboard after login" classname="navigation\protected-routes.spec.ts" time="1.501">
</testcase>
<testcase name="Protected Routes › should show 403 when learner tries to access operator route" classname="navigation\protected-routes.spec.ts" time="1.562">
</testcase>
<testcase name="Protected Routes › should allow operator to access operator routes" classname="navigation\protected-routes.spec.ts" time="1.717">
</testcase>
</testsuite>
<testsuite name="operational\corpus.spec.ts" timestamp="2025-12-21T12:53:37.385Z" hostname="chromium" tests="6" failures="0" skipped="0" time="7.594" errors="0">
<testcase name="Corpus Explorer › should deny access to learner" classname="operational\corpus.spec.ts" time="1.072">
</testcase>
<testcase name="Corpus Explorer › should allow operator to access corpus explorer" classname="operational\corpus.spec.ts" time="1.092">
</testcase>
<testcase name="Corpus Explorer › should display search and filters" classname="operational\corpus.spec.ts" time="1.108">
</testcase>
<testcase name="Corpus Explorer › should show empty state when no items" classname="operational\corpus.spec.ts" time="1.599">
</testcase>
<testcase name="Corpus Explorer › should display corpus link in header for operator" classname="operational\corpus.spec.ts" time="1.447">
</testcase>
<testcase name="Corpus Explorer › should toggle statistics panel" classname="operational\corpus.spec.ts" time="1.276">
</testcase>
</testsuite>
<testsuite name="operational\curriculum.spec.ts" timestamp="2025-12-21T12:53:37.385Z" hostname="chromium" tests="8" failures="0" skipped="0" time="11.724" errors="0">
<testcase name="Curriculum Page › should deny access to learner" classname="operational\curriculum.spec.ts" time="1.052">
</testcase>
<testcase name="Curriculum Page › should allow operator to access curriculum page" classname="operational\curriculum.spec.ts" time="1.649">
</testcase>
<testcase name="Curriculum Page › should display language selector with all supported languages" classname="operational\curriculum.spec.ts" time="1.601">
</testcase>
<testcase name="Curriculum Page › should display all CEFR levels" classname="operational\curriculum.spec.ts" time="1.121">
</testcase>
<testcase name="Curriculum Page › should expand and collapse level sections" classname="operational\curriculum.spec.ts" time="1.7">
</testcase>
<testcase name="Curriculum Page › should show empty state when no topics defined" classname="operational\curriculum.spec.ts" time="1.676">
</testcase>
<testcase name="Curriculum Page › should add a new topic" classname="operational\curriculum.spec.ts" time="1.311">
</testcase>
<testcase name="Curriculum Page › should display curriculum link in header for operator" classname="operational\curriculum.spec.ts" time="1.614">
</testcase>
</testsuite>
<testsuite name="operational\dashboard.spec.ts" timestamp="2025-12-21T12:53:37.385Z" hostname="chromium" tests="3" failures="0" skipped="0" time="6.046" errors="0">
<testcase name="Operator Dashboard › should deny access to learner" classname="operational\dashboard.spec.ts" time="1.606">
</testcase>
<testcase name="Operator Dashboard › should allow operator to access dashboard" classname="operational\dashboard.spec.ts" time="2.296">
</testcase>
<testcase name="Operator Dashboard › should display header navigation for operator" classname="operational\dashboard.spec.ts" time="2.144">
</testcase>
</testsuite>
<testsuite name="operational\failures.spec.ts" timestamp="2025-12-21T12:53:37.385Z" hostname="chromium" tests="5" failures="0" skipped="0" time="7.486" errors="0">
<testcase name="Failures Page › should deny access to learner" classname="operational\failures.spec.ts" time="1.573">
</testcase>
<testcase name="Failures Page › should allow operator to access failures page" classname="operational\failures.spec.ts" time="1.612">
</testcase>
<testcase name="Failures Page › should display filters" classname="operational\failures.spec.ts" time="1.696">
</testcase>
<testcase name="Failures Page › should show empty state when no failures" classname="operational\failures.spec.ts" time="1.133">
</testcase>
<testcase name="Failures Page › should display failures link in header for operator" classname="operational\failures.spec.ts" time="1.472">
</testcase>
</testsuite>
<testsuite name="operational\review-queue.spec.ts" timestamp="2025-12-21T12:53:37.385Z" hostname="chromium" tests="4" failures="0" skipped="0" time="29.723" errors="0">
<testcase name="Review Queue › should deny access to learner" classname="operational\review-queue.spec.ts" time="1.57">
</testcase>
<testcase name="Review Queue › should allow operator to access review queue" classname="operational\review-queue.spec.ts" time="9.085">
</testcase>
<testcase name="Review Queue › should display content type filter" classname="operational\review-queue.spec.ts" time="9.562">
</testcase>
<testcase name="Review Queue › should display table headers" classname="operational\review-queue.spec.ts" time="9.506">
</testcase>
</testsuite>
</testsuites>